[2016-04-18 15:53:28] local.ERROR: exception 'Symfony\Component\Debug\Exception\FatalErrorException' with message 'syntax error, unexpected 'js' (T_STRING)' in D:\home\server\xampp\htdocs\minhdoan\storage\framework\views\f7b57e5b33a21e2f121ec38fcabc9e0693ca3ee1.php:29
Stack trace:
#0 {main}  
[2016-04-18 15:55:28] local.ERROR: exception 'Symfony\Component\Debug\Exception\FatalErrorException' with message 'syntax error, unexpected '')); ?>" rel='' (T_CONSTANT_ENCAPSED_STRING)' in D:\home\server\xampp\htdocs\minhdoan\storage\framework\views\f7b57e5b33a21e2f121ec38fcabc9e0693ca3ee1.php:11
Stack trace:
#0 {main}  
[2016-04-18 16:41:21] local.ERROR: exception 'ReflectionException' with message 'Class App\Http\Controllers\HomeController does not exist' in D:\home\server\xampp\htdocs\minhdoan\vendor\laravel\framework\src\Illuminate\Routing\Route.php:279
Stack trace:
#0 D:\home\server\xampp\htdocs\minhdoan\vendor\laravel\framework\src\Illuminate\Routing\Route.php(279): ReflectionMethod->__construct('App\\Http\\Contro...', 'index')
#1 D:\home\server\xampp\htdocs\minhdoan\vendor\laravel\framework\src\Illuminate\Routing\Router.php(859): Illuminate\Routing\Route->signatureParameters('Illuminate\\Data...')
#2 D:\home\server\xampp\htdocs\minhdoan\vendor\laravel\framework\src\Illuminate\Routing\Router.php(844): Illuminate\Routing\Router->substituteImplicitBindings(Object(Illuminate\Routing\Route))
#3 D:\home\server\xampp\htdocs\minhdoan\vendor\laravel\framework\src\Illuminate\Routing\Router.php(827): Illuminate\Routing\Router->substituteBindings(Object(Illuminate\Routing\Route))
#4 D:\home\server\xampp\htdocs\minhdoan\vendor\laravel\framework\src\Illuminate\Routing\Router.php(691): Illuminate\Routing\Router->findRoute(Object(Illuminate\Http\Request))
#5 D:\home\server\xampp\htdocs\minhdoan\vendor\laravel\framework\src\Illuminate\Routing\Router.php(675): Illuminate\Routing\Router->dispatchToRoute(Object(Illuminate\Http\Request))
#6 D:\home\server\xampp\htdocs\minhdoan\vendor\laravel\framework\src\Illuminate\Foundation\Http\Kernel.php(246): Illuminate\Routing\Router->dispatch(Object(Illuminate\Http\Request))
#7 [internal function]: Illuminate\Foundation\Http\Kernel->Illuminate\Foundation\Http\{closure}(Object(Illuminate\Http\Request))
#8 D:\home\server\xampp\htdocs\minhdoan\vendor\laravel\framework\src\Illuminate\Routing\Pipeline.php(52): call_user_func(Object(Closure), Object(Illuminate\Http\Request))
#9 D:\home\server\xampp\htdocs\minhdoan\vendor\laravel\framework\src\Illuminate\Foundation\Http\Middleware\CheckForMaintenanceMode.php(44): Illuminate\Routing\Pipeline->Illuminate\Routing\{closure}(Object(Illuminate\Http\Request))
#10 [internal function]: Illuminate\Foundation\Http\Middleware\CheckForMaintenanceMode->handle(Object(Illuminate\Http\Request), Object(Closure))
#11 D:\home\server\xampp\htdocs\minhdoan\vendor\laravel\framework\src\Illuminate\Pipeline\Pipeline.php(124): call_user_func_array(Array, Array)
#12 [internal function]: Illuminate\Pipeline\Pipeline->Illuminate\Pipeline\{closure}(Object(Illuminate\Http\Request))
#13 D:\home\server\xampp\htdocs\minhdoan\vendor\laravel\framework\src\Illuminate\Routing\Pipeline.php(32): call_user_func(Object(Closure), Object(Illuminate\Http\Request))
#14 [internal function]: Illuminate\Routing\Pipeline->Illuminate\Routing\{closure}(Object(Illuminate\Http\Request))
#15 D:\home\server\xampp\htdocs\minhdoan\vendor\laravel\framework\src\Illuminate\Pipeline\Pipeline.php(103): call_user_func(Object(Closure), Object(Illuminate\Http\Request))
#16 D:\home\server\xampp\htdocs\minhdoan\vendor\laravel\framework\src\Illuminate\Foundation\Http\Kernel.php(132): Illuminate\Pipeline\Pipeline->then(Object(Closure))
#17 D:\home\server\xampp\htdocs\minhdoan\vendor\laravel\framework\src\Illuminate\Foundation\Http\Kernel.php(99): Illuminate\Foundation\Http\Kernel->sendRequestThroughRouter(Object(Illuminate\Http\Request))
#18 D:\home\server\xampp\htdocs\minhdoan\public\index.php(54): Illuminate\Foundation\Http\Kernel->handle(Object(Illuminate\Http\Request))
#19 D:\home\server\xampp\htdocs\minhdoan\server.php(21): require_once('D:\\home\\server\\...')
#20 {main}  
